2026-04-06T19:13:42.096Z info: Conexión con MongoDB establecida
2026-04-06T19:13:42.106Z info: Servidor arrancado en puerto 8080

2026-04-06T19:25:53.179Z info: Nuevo cliente conectado
2026-04-06T19:25:53.182Z info: ID de la partida: e1444dc1-39ed-4eee-b36e-b8003faf864b
2026-04-06T19:25:53.186Z info: Mensaje recibido: {"hello":"world"}
2026-04-06T19:25:53.186Z warn: Dirección inválida
2026-04-06T19:25:54.294Z info: Mensaje recibido: {"direction":"NONE","timestamp":1775503554293}
2026-04-06T19:25:54.295Z info: Timer cancelado: el jugador sigue activo
2026-04-06T19:25:54.295Z info: Iniciando timer de inactividad (5s)...
2026-04-06T19:25:54.299Z info: Documento insertado: 69d408c27ea8f36d804006b5
2026-04-06T19:25:54.396Z info: Mensaje recibido: {"direction":"NONE","timestamp":1775503554394}
2026-04-06T19:25:54.396Z info: Timer cancelado: el jugador sigue activo
2026-04-06T19:25:54.396Z info: Iniciando timer de inactividad (5s)...
2026-04-06T19:25:54.403Z info: Documento insertado: 69d408c27ea8f36d804006b6
2026-04-06T19:25:54.425Z info: Mensaje recibido: {"direction":"UP","timestamp":1775503554424}
2026-04-06T19:25:54.425Z info: Timer cancelado: el jugador sigue activo
2026-04-06T19:25:54.430Z info: Documento insertado: 69d408c27ea8f36d804006b7
2026-04-06T19:25:54.720Z info: Mensaje recibido: {"direction":"DOWN","timestamp":1775503554719}
2026-04-06T19:25:54.726Z info: Documento insertado: 69d408c27ea8f36d804006b8
2026-04-06T19:25:54.991Z info: Mensaje recibido: {"direction":"LEFT","timestamp":1775503554991}
2026-04-06T19:25:55.000Z info: Documento insertado: 69d408c27ea8f36d804006b9
2026-04-06T19:25:55.184Z info: Mensaje recibido: {"direction":"RIGHT","timestamp":1775503555183}
2026-04-06T19:25:55.194Z info: Documento insertado: 69d408c37ea8f36d804006ba
2026-04-06T19:25:55.376Z info: Mensaje recibido: {"direction":"UP","timestamp":1775503555375}
2026-04-06T19:25:55.384Z info: Documento insertado: 69d408c37ea8f36d804006bb
2026-04-06T19:25:55.968Z info: Mensaje recibido: {"direction":"DOWN","timestamp":1775503555967}
2026-04-06T19:25:55.977Z info: Documento insertado: 69d408c37ea8f36d804006bc
2026-04-06T19:25:56.608Z info: Mensaje recibido: {"direction":"UP","timestamp":1775503556607}
2026-04-06T19:25:56.620Z info: Documento insertado: 69d408c47ea8f36d804006bd
2026-04-06T19:25:56.792Z info: Mensaje recibido: {"direction":"UP","timestamp":1775503556791}
2026-04-06T19:25:56.801Z info: Documento insertado: 69d408c47ea8f36d804006be
2026-04-06T19:25:56.967Z info: Mensaje recibido: {"direction":"UP","timestamp":1775503556966}
2026-04-06T19:25:56.976Z info: Documento insertado: 69d408c47ea8f36d804006bf
2026-04-06T19:25:57.780Z info: Mensaje recibido: {"direction":"RIGHT","timestamp":1775503557779}
2026-04-06T19:25:57.782Z info: Documento insertado: 69d408c57ea8f36d804006c0
2026-04-06T19:25:58.163Z info: Conexión cerrada con cliente
